This file contains any messages produced by compilers while
running configure, to aid debugging if configure makes a mistake.

It was created by libjpeg configure 8.4.0, which was
generated by GNU Autoconf 2.68.  Invocation command line was

  $ ./configure --disable-shared --enable-static --prefix=/usr/local/xenon/usr --host=xenon

## --------- ##
## Platform. ##
## --------- ##

hostname = crunchbang
uname -m = i686
uname -r = 2.6.32-5-686
uname -s = Linux
uname -v = #1 SMP Sun May 6 04:01:19 UTC 2012

/usr/bin/uname -p = unknown
/bin/uname -X     = unknown

/bin/arch              = unknown
/usr/bin/arch -k       = unknown
/usr/convex/getsysinfo = unknown
/usr/bin/hostinfo      = unknown
/bin/machine           = unknown
/usr/bin/oslevel       = unknown
/bin/universe          = unknown

PATH: /home/pos/bin
PATH: /usr/sbin
PATH: /sbin
PATH: /usr/local/bin
PATH: /usr/bin
PATH: /bin
PATH: /usr/local/games
PATH: /usr/games
PATH: /usr/local/xenon/bin
PATH: /usr/local/xenon/usr/bin


## ----------- ##
## Core tests. ##
## ----------- ##

configure:2243: checking build system type
configure:2257: result: i686-pc-linux-gnu
configure:2277: checking host system type
configure:2290: result: powerpc64-unknown-none
configure:2310: checking target system type
configure:2323: result: powerpc64-unknown-none
configure:2368: checking for a BSD-compatible install
configure:2436: result: /usr/bin/install -c
configure:2447: checking whether build environment is sane
configure:2497: result: yes
configure:2546: checking for xenon-strip
configure:2562: found /usr/local/xenon/bin/xenon-strip
configure:2573: result: xenon-strip
configure:2638: checking for a thread-safe mkdir -p
configure:2677: result: /bin/mkdir -p
configure:2690: checking for gawk
configure:2706: found /usr/bin/gawk
configure:2717: result: gawk
configure:2728: checking whether make sets $(MAKE)
configure:2750: result: yes
configure:2860: checking for style of include used by make
configure:2888: result: GNU
configure:2919: checking for xenon-gcc
configure:2946: result: xenon-gcc
configure:3215: checking for C compiler version
configure:3224: xenon-gcc --version >&5
xenon-gcc (GCC) 4.7.1
Copyright (C) 2012 Free Software Foundation, Inc.
This is free software; see the source for copying conditions.  There is NO
warranty; not even for MERCHANTABILITY or FITNESS FOR A PARTICULAR PURPOSE.

configure:3235: $? = 0
configure:3224: xenon-gcc -v >&5
Using built-in specs.
COLLECT_GCC=xenon-gcc
COLLECT_LTO_WRAPPER=/usr/local/xenon/libexec/gcc/xenon/4.7.1/lto-wrapper
Target: xenon
Configured with: ../gcc-4.7.1/configure --target=xenon --prefix=/usr/local/xenon --with-libiconv-prefix=/opt/local --with-cpu=cell --with-gmp=/opt/local --with-mpfr=/opt/local --disable-decimal-float --disable-libquadmath --enable-languages=c,c++ --disable-libssp --with-newlib --enable-cxx-flags=-G0 --disable-libmudflap --disable-nls --disable-shared --disable-linux-futex --enable-altivec --disable-threads --disable-libgomp --disable-libitm
Thread model: single
gcc version 4.7.1 (GCC) 
configure:3235: $? = 0
configure:3224: xenon-gcc -V >&5
xenon-gcc: error: unrecognized command line option '-V'
xenon-gcc: fatal error: no input files
compilation terminated.
configure:3235: $? = 1
configure:3224: xenon-gcc -qversion >&5
xenon-gcc: error: unrecognized command line option '-qversion'
xenon-gcc: fatal error: no input files
compilation terminated.
configure:3235: $? = 1
configure:3255: checking whether the C compiler works
configure:3277: xenon-gcc -mcpu=cell -mtune=cell -m32 -fno-pic -mpowerpc64 /usr/local/xenon/usr/lib/libxenon.a -L/usr/local/xenon/xenon/lib/32/ -T/usr/local/xenon/app.lds -u read -u _start -u exc_base -L/usr/local/xenon/usr/lib -I/usr/local/xenon/usr/include   conftest.c  >&5
configure:3281: $? = 0
configure:3329: result: yes
configure:3332: checking for C compiler default output file name
configure:3334: result: a.out
configure:3340: checking for suffix of executables
configure:3347: xenon-gcc -o conftest -mcpu=cell -mtune=cell -m32 -fno-pic -mpowerpc64 /usr/local/xenon/usr/lib/libxenon.a -L/usr/local/xenon/xenon/lib/32/ -T/usr/local/xenon/app.lds -u read -u _start -u exc_base -L/usr/local/xenon/usr/lib -I/usr/local/xenon/usr/include   conftest.c  >&5
configure:3351: $? = 0
configure:3373: result: 
configure:3395: checking whether we are cross compiling
configure:3403: xenon-gcc -o conftest -mcpu=cell -mtune=cell -m32 -fno-pic -mpowerpc64 /usr/local/xenon/usr/lib/libxenon.a -L/usr/local/xenon/xenon/lib/32/ -T/usr/local/xenon/app.lds -u read -u _start -u exc_base -L/usr/local/xenon/usr/lib -I/usr/local/xenon/usr/include   conftest.c  >&5
configure:3407: $? = 0
configure:3414: ./conftest
./configure: line 3416: ./conftest: cannot execute binary file
configure:3418: $? = 126
configure:3433: result: yes
configure:3438: checking for suffix of object files
configure:3460: xenon-gcc -c -mcpu=cell -mtune=cell -m32 -fno-pic -mpowerpc64 /usr/local/xenon/usr/lib/libxenon.a -L/usr/local/xenon/xenon/lib/32/ -T/usr/local/xenon/app.lds -u read -u _start -u exc_base -L/usr/local/xenon/usr/lib -I/usr/local/xenon/usr/include  conftest.c >&5
xenon-gcc: warning: /usr/local/xenon/usr/lib/libxenon.a: linker input file unused because linking not done
configure:3464: $? = 0
configure:3485: result: o
configure:3489: checking whether we are using the GNU C compiler
configure:3508: xenon-gcc -c -mcpu=cell -mtune=cell -m32 -fno-pic -mpowerpc64 /usr/local/xenon/usr/lib/libxenon.a -L/usr/local/xenon/xenon/lib/32/ -T/usr/local/xenon/app.lds -u read -u _start -u exc_base -L/usr/local/xenon/usr/lib -I/usr/local/xenon/usr/include  conftest.c >&5
xenon-gcc: warning: /usr/local/xenon/usr/lib/libxenon.a: linker input file unused because linking not done
configure:3508: $? = 0
configure:3517: result: yes
configure:3526: checking whether xenon-gcc accepts -g
configure:3546: xenon-gcc -c -g  conftest.c >&5
configure:3546: $? = 0
configure:3587: result: yes
configure:3604: checking for xenon-gcc option to accept ISO C89
configure:3668: xenon-gcc  -c -mcpu=cell -mtune=cell -m32 -fno-pic -mpowerpc64 /usr/local/xenon/usr/lib/libxenon.a -L/usr/local/xenon/xenon/lib/32/ -T/usr/local/xenon/app.lds -u read -u _start -u exc_base -L/usr/local/xenon/usr/lib -I/usr/local/xenon/usr/include  conftest.c >&5
xenon-gcc: warning: /usr/local/xenon/usr/lib/libxenon.a: linker input file unused because linking not done
configure:3668: $? = 0
configure:3681: result: none needed
configure:3703: checking dependency style of xenon-gcc
configure:3814: result: gcc3
configure:3829: checking for function prototypes
configure:3832: result: yes
configure:3851: checking how to run the C preprocessor
configure:3882: xenon-gcc -E  conftest.c
configure:3882: $? = 0
configure:3896: xenon-gcc -E  conftest.c
conftest.c:13:28: fatal error: ac_nonexistent.h: No such file or directory
compilation terminated.
configure:3896: $? = 1
configure: failed program was:
| /* confdefs.h */
| #define PACKAGE_NAME "libjpeg"
| #define PACKAGE_TARNAME "libjpeg"
| #define PACKAGE_VERSION "8.4.0"
| #define PACKAGE_STRING "libjpeg 8.4.0"
| #define PACKAGE_BUGREPORT ""
| #define PACKAGE_URL ""
| #define PACKAGE "libjpeg"
| #define VERSION "8.4.0"
| #define PROTOTYPES 1
| #define __PROTOTYPES 1
| /* end confdefs.h.  */
| #include <ac_nonexistent.h>
configure:3921: result: xenon-gcc -E
configure:3941: xenon-gcc -E  conftest.c
configure:3941: $? = 0
configure:3955: xenon-gcc -E  conftest.c
conftest.c:13:28: fatal error: ac_nonexistent.h: No such file or directory
compilation terminated.
configure:3955: $? = 1
configure: failed program was:
| /* confdefs.h */
| #define PACKAGE_NAME "libjpeg"
| #define PACKAGE_TARNAME "libjpeg"
| #define PACKAGE_VERSION "8.4.0"
| #define PACKAGE_STRING "libjpeg 8.4.0"
| #define PACKAGE_BUGREPORT ""
| #define PACKAGE_URL ""
| #define PACKAGE "libjpeg"
| #define VERSION "8.4.0"
| #define PROTOTYPES 1
| #define __PROTOTYPES 1
| /* end confdefs.h.  */
| #include <ac_nonexistent.h>
configure:3984: checking for grep that handles long lines and -e
configure:4042: result: /bin/grep
configure:4047: checking for egrep
configure:4109: result: /bin/grep -E
configure:4114: checking for ANSI C header files
configure:4134: xenon-gcc -c -mcpu=cell -mtune=cell -m32 -fno-pic -mpowerpc64 /usr/local/xenon/usr/lib/libxenon.a -L/usr/local/xenon/xenon/lib/32/ -T/usr/local/xenon/app.lds -u read -u _start -u exc_base -L/usr/local/xenon/usr/lib -I/usr/local/xenon/usr/include  conftest.c >&5
xenon-gcc: warning: /usr/local/xenon/usr/lib/libxenon.a: linker input file unused because linking not done
configure:4134: $? = 0
configure:4218: result: yes
configure:4231: checking for sys/types.h
configure:4231: xenon-gcc -c -mcpu=cell -mtune=cell -m32 -fno-pic -mpowerpc64 /usr/local/xenon/usr/lib/libxenon.a -L/usr/local/xenon/xenon/lib/32/ -T/usr/local/xenon/app.lds -u read -u _start -u exc_base -L/usr/local/xenon/usr/lib -I/usr/local/xenon/usr/include  conftest.c >&5
xenon-gcc: warning: /usr/local/xenon/usr/lib/libxenon.a: linker input file unused because linking not done
configure:4231: $? = 0
configure:4231: result: yes
configure:4231: checking for sys/stat.h
configure:4231: xenon-gcc -c -mcpu=cell -mtune=cell -m32 -fno-pic -mpowerpc64 /usr/local/xenon/usr/lib/libxenon.a -L/usr/local/xenon/xenon/lib/32/ -T/usr/local/xenon/app.lds -u read -u _start -u exc_base -L/usr/local/xenon/usr/lib -I/usr/local/xenon/usr/include  conftest.c >&5
xenon-gcc: warning: /usr/local/xenon/usr/lib/libxenon.a: linker input file unused because linking not done
configure:4231: $? = 0
configure:4231: result: yes
configure:4231: checking for stdlib.h
configure:4231: xenon-gcc -c -mcpu=cell -mtune=cell -m32 -fno-pic -mpowerpc64 /usr/local/xenon/usr/lib/libxenon.a -L/usr/local/xenon/xenon/lib/32/ -T/usr/local/xenon/app.lds -u read -u _start -u exc_base -L/usr/local/xenon/usr/lib -I/usr/local/xenon/usr/include  conftest.c >&5
xenon-gcc: warning: /usr/local/xenon/usr/lib/libxenon.a: linker input file unused because linking not done
configure:4231: $? = 0
configure:4231: result: yes
configure:4231: checking for string.h
configure:4231: xenon-gcc -c -mcpu=cell -mtune=cell -m32 -fno-pic -mpowerpc64 /usr/local/xenon/usr/lib/libxenon.a -L/usr/local/xenon/xenon/lib/32/ -T/usr/local/xenon/app.lds -u read -u _start -u exc_base -L/usr/local/xenon/usr/lib -I/usr/local/xenon/usr/include  conftest.c >&5
xenon-gcc: warning: /usr/local/xenon/usr/lib/libxenon.a: linker input file unused because linking not done
configure:4231: $? = 0
configure:4231: result: yes
configure:4231: checking for memory.h
configure:4231: xenon-gcc -c -mcpu=cell -mtune=cell -m32 -fno-pic -mpowerpc64 /usr/local/xenon/usr/lib/libxenon.a -L/usr/local/xenon/xenon/lib/32/ -T/usr/local/xenon/app.lds -u read -u _start -u exc_base -L/usr/local/xenon/usr/lib -I/usr/local/xenon/usr/include  conftest.c >&5
conftest.c:52:20: fatal error: memory.h: No such file or directory
compilation terminated.
configure:4231: $? = 1
configure: failed program was:
| /* confdefs.h */
| #define PACKAGE_NAME "libjpeg"
| #define PACKAGE_TARNAME "libjpeg"
| #define PACKAGE_VERSION "8.4.0"
| #define PACKAGE_STRING "libjpeg 8.4.0"
| #define PACKAGE_BUGREPORT ""
| #define PACKAGE_URL ""
| #define PACKAGE "libjpeg"
| #define VERSION "8.4.0"
| #define PROTOTYPES 1
| #define __PROTOTYPES 1
| #define STDC_HEADERS 1
| #define HAVE_SYS_TYPES_H 1
| #define HAVE_SYS_STAT_H 1
| #define HAVE_STDLIB_H 1
| #define HAVE_STRING_H 1
| /* end confdefs.h.  */
| #include <stdio.h>
| #ifdef HAVE_SYS_TYPES_H
| # include <sys/types.h>
| #endif
| #ifdef HAVE_SYS_STAT_H
| # include <sys/stat.h>
| #endif
| #ifdef STDC_HEADERS
| # include <stdlib.h>
| # include <stddef.h>
| #else
| # ifdef HAVE_STDLIB_H
| #  include <stdlib.h>
| # endif
| #endif
| #ifdef HAVE_STRING_H
| # if !defined STDC_HEADERS && defined HAVE_MEMORY_H
| #  include <memory.h>
| # endif
| # include <string.h>
| #endif
| #ifdef HAVE_STRINGS_H
| # include <strings.h>
| #endif
| #ifdef HAVE_INTTYPES_H
| # include <inttypes.h>
| #endif
| #ifdef HAVE_STDINT_H
| # include <stdint.h>
| #endif
| #ifdef HAVE_UNISTD_H
| # include <unistd.h>
| #endif
| 
| #include <memory.h>
configure:4231: result: no
configure:4231: checking for strings.h
configure:4231: xenon-gcc -c -mcpu=cell -mtune=cell -m32 -fno-pic -mpowerpc64 /usr/local/xenon/usr/lib/libxenon.a -L/usr/local/xenon/xenon/lib/32/ -T/usr/local/xenon/app.lds -u read -u _start -u exc_base -L/usr/local/xenon/usr/lib -I/usr/local/xenon/usr/include  conftest.c >&5
xenon-gcc: warning: /usr/local/xenon/usr/lib/libxenon.a: linker input file unused because linking not done
configure:4231: $? = 0
configure:4231: result: yes
configure:4231: checking for inttypes.h
configure:4231: xenon-gcc -c -mcpu=cell -mtune=cell -m32 -fno-pic -mpowerpc64 /usr/local/xenon/usr/lib/libxenon.a -L/usr/local/xenon/xenon/lib/32/ -T/usr/local/xenon/app.lds -u read -u _start -u exc_base -L/usr/local/xenon/usr/lib -I/usr/local/xenon/usr/include  conftest.c >&5
xenon-gcc: warning: /usr/local/xenon/usr/lib/libxenon.a: linker input file unused because linking not done
configure:4231: $? = 0
configure:4231: result: yes
configure:4231: checking for stdint.h
configure:4231: xenon-gcc -c -mcpu=cell -mtune=cell -m32 -fno-pic -mpowerpc64 /usr/local/xenon/usr/lib/libxenon.a -L/usr/local/xenon/xenon/lib/32/ -T/usr/local/xenon/app.lds -u read -u _start -u exc_base -L/usr/local/xenon/usr/lib -I/usr/local/xenon/usr/include  conftest.c >&5
xenon-gcc: warning: /usr/local/xenon/usr/lib/libxenon.a: linker input file unused because linking not done
configure:4231: $? = 0
configure:4231: result: yes
configure:4231: checking for unistd.h
configure:4231: xenon-gcc -c -mcpu=cell -mtune=cell -m32 -fno-pic -mpowerpc64 /usr/local/xenon/usr/lib/libxenon.a -L/usr/local/xenon/xenon/lib/32/ -T/usr/local/xenon/app.lds -u read -u _start -u exc_base -L/usr/local/xenon/usr/lib -I/usr/local/xenon/usr/include  conftest.c >&5
xenon-gcc: warning: /usr/local/xenon/usr/lib/libxenon.a: linker input file unused because linking not done
configure:4231: $? = 0
configure:4231: result: yes
configure:4254: checking for string.h
configure:4254: result: yes
configure:4270: checking whether to enable maintainer-specific portions of Makefiles
configure:4279: result: no
configure:4302: checking for xenon-gcc
configure:4329: result: xenon-gcc
configure:4598: checking for C compiler version
configure:4607: xenon-gcc --version >&5
xenon-gcc (GCC) 4.7.1
Copyright (C) 2012 Free Software Foundation, Inc.
This is free software; see the source for copying conditions.  There is NO
warranty; not even for MERCHANTABILITY or FITNESS FOR A PARTICULAR PURPOSE.

configure:4618: $? = 0
configure:4607: xenon-gcc -v >&5
Using built-in specs.
COLLECT_GCC=xenon-gcc
COLLECT_LTO_WRAPPER=/usr/local/xenon/libexec/gcc/xenon/4.7.1/lto-wrapper
Target: xenon
Configured with: ../gcc-4.7.1/configure --target=xenon --prefix=/usr/local/xenon --with-libiconv-prefix=/opt/local --with-cpu=cell --with-gmp=/opt/local --with-mpfr=/opt/local --disable-decimal-float --disable-libquadmath --enable-languages=c,c++ --disable-libssp --with-newlib --enable-cxx-flags=-G0 --disable-libmudflap --disable-nls --disable-shared --disable-linux-futex --enable-altivec --disable-threads --disable-libgomp --disable-libitm
Thread model: single
gcc version 4.7.1 (GCC) 
configure:4618: $? = 0
configure:4607: xenon-gcc -V >&5
xenon-gcc: error: unrecognized command line option '-V'
xenon-gcc: fatal error: no input files
compilation terminated.
configure:4618: $? = 1
configure:4607: xenon-gcc -qversion >&5
xenon-gcc: error: unrecognized command line option '-qversion'
xenon-gcc: fatal error: no input files
compilation terminated.
configure:4618: $? = 1
configure:4622: checking whether we are using the GNU C compiler
configure:4650: result: yes
configure:4659: checking whether xenon-gcc accepts -g
configure:4720: result: yes
configure:4737: checking for xenon-gcc option to accept ISO C89
configure:4814: result: none needed
configure:4836: checking dependency style of xenon-gcc
configure:4947: result: gcc3
configure:4966: checking for xenon-gcc option to accept ISO C99
configure:5115: xenon-gcc  -c -mcpu=cell -mtune=cell -m32 -fno-pic -mpowerpc64 /usr/local/xenon/usr/lib/libxenon.a -L/usr/local/xenon/xenon/lib/32/ -T/usr/local/xenon/app.lds -u read -u _start -u exc_base -L/usr/local/xenon/usr/lib -I/usr/local/xenon/usr/include  conftest.c >&5
conftest.c:73:29: error: expected ';', ',' or ')' before 'text'
conftest.c: In function 'main':
conftest.c:127:18: error: expected '=', ',', ';', 'asm' or '__attribute__' before 'newvar'
conftest.c:127:18: error: 'newvar' undeclared (first use in this function)
conftest.c:127:18: note: each undeclared identifier is reported only once for each function it appears in
conftest.c:137:3: error: 'for' loop initial declarations are only allowed in C99 mode
conftest.c:137:3: note: use option -std=c99 or -std=gnu99 to compile your code
configure:5115: $? = 1
configure: failed program was:
| /* confdefs.h */
| #define PACKAGE_NAME "libjpeg"
| #define PACKAGE_TARNAME "libjpeg"
| #define PACKAGE_VERSION "8.4.0"
| #define PACKAGE_STRING "libjpeg 8.4.0"
| #define PACKAGE_BUGREPORT ""
| #define PACKAGE_URL ""
| #define PACKAGE "libjpeg"
| #define VERSION "8.4.0"
| #define PROTOTYPES 1
| #define __PROTOTYPES 1
| #define STDC_HEADERS 1
| #define HAVE_SYS_TYPES_H 1
| #define HAVE_SYS_STAT_H 1
| #define HAVE_STDLIB_H 1
| #define HAVE_STRING_H 1
| #define HAVE_STRINGS_H 1
| #define HAVE_INTTYPES_H 1
| #define HAVE_STDINT_H 1
| #define HAVE_UNISTD_H 1
| #define HAVE_STRING_H 1
| /* end confdefs.h.  */
| #include <stdarg.h>
| #include <stdbool.h>
| #include <stdlib.h>
| #include <wchar.h>
| #include <stdio.h>
| 
| // Check varargs macros.  These examples are taken from C99 6.10.3.5.
| #define debug(...) fprintf (stderr, __VA_ARGS__)
| #define showlist(...) puts (#__VA_ARGS__)
| #define report(test,...) ((test) ? puts (#test) : printf (__VA_ARGS__))
| static void
| test_varargs_macros (void)
| {
|   int x = 1234;
|   int y = 5678;
|   debug ("Flag");
|   debug ("X = %d\n", x);
|   showlist (The first, second, and third items.);
|   report (x>y, "x is %d but y is %d", x, y);
| }
| 
| // Check long long types.
| #define BIG64 18446744073709551615ull
| #define BIG32 4294967295ul
| #define BIG_OK (BIG64 / BIG32 == 4294967297ull && BIG64 % BIG32 == 0)
| #if !BIG_OK
|   your preprocessor is broken;
| #endif
| #if BIG_OK
| #else
|   your preprocessor is broken;
| #endif
| static long long int bignum = -9223372036854775807LL;
| static unsigned long long int ubignum = BIG64;
| 
| struct incomplete_array
| {
|   int datasize;
|   double data[];
| };
| 
| struct named_init {
|   int number;
|   const wchar_t *name;
|   double average;
| };
| 
| typedef const char *ccp;
| 
| static inline int
| test_restrict (ccp restrict text)
| {
|   // See if C++-style comments work.
|   // Iterate through items via the restricted pointer.
|   // Also check for declarations in for loops.
|   for (unsigned int i = 0; *(text+i) != '\0'; ++i)
|     continue;
|   return 0;
| }
| 
| // Check varargs and va_copy.
| static void
| test_varargs (const char *format, ...)
| {
|   va_list args;
|   va_start (args, format);
|   va_list args_copy;
|   va_copy (args_copy, args);
| 
|   const char *str;
|   int number;
|   float fnumber;
| 
|   while (*format)
|     {
|       switch (*format++)
| 	{
| 	case 's': // string
| 	  str = va_arg (args_copy, const char *);
| 	  break;
| 	case 'd': // int
| 	  number = va_arg (args_copy, int);
| 	  break;
| 	case 'f': // float
| 	  fnumber = va_arg (args_copy, double);
| 	  break;
| 	default:
| 	  break;
| 	}
|     }
|   va_end (args_copy);
|   va_end (args);
| }
| 
| int
| main ()
| {
| 
|   // Check bool.
|   _Bool success = false;
| 
|   // Check restrict.
|   if (test_restrict ("String literal") == 0)
|     success = true;
|   char *restrict newvar = "Another string";
| 
|   // Check varargs.
|   test_varargs ("s, d' f .", "string", 65, 34.234);
|   test_varargs_macros ();
| 
|   // Check flexible array members.
|   struct incomplete_array *ia =
|     malloc (sizeof (struct incomplete_array) + (sizeof (double) * 10));
|   ia->datasize = 10;
|   for (int i = 0; i < ia->datasize; ++i)
|     ia->data[i] = i * 1.234;
| 
|   // Check named initializers.
|   struct named_init ni = {
|     .number = 34,
|     .name = L"Test wide string",
|     .average = 543.34343,
|   };
| 
|   ni.number = 58;
| 
|   int dynamic_array[ni.number];
|   dynamic_array[ni.number - 1] = 543;
| 
|   // work around unused variable warnings
|   return (!success || bignum == 0LL || ubignum == 0uLL || newvar[0] == 'x'
| 	  || dynamic_array[ni.number - 1] != 543);
| 
|   ;
|   return 0;
| }
configure:5115: xenon-gcc -std=gnu99 -c -mcpu=cell -mtune=cell -m32 -fno-pic -mpowerpc64 /usr/local/xenon/usr/lib/libxenon.a -L/usr/local/xenon/xenon/lib/32/ -T/usr/local/xenon/app.lds -u read -u _start -u exc_base -L/usr/local/xenon/usr/lib -I/usr/local/xenon/usr/include  conftest.c >&5
xenon-gcc: warning: /usr/local/xenon/usr/lib/libxenon.a: linker input file unused because linking not done
configure:5115: $? = 0
configure:5135: result: -std=gnu99
configure:5237: checking for xenon-gcc -std=gnu99 option to accept ISO Standard C
configure:5251: result: -std=gnu99
configure:5260: checking how to run the C preprocessor
configure:5330: result: xenon-gcc -E
configure:5350: xenon-gcc -E  conftest.c
configure:5350: $? = 0
configure:5364: xenon-gcc -E  conftest.c
conftest.c:23:28: fatal error: ac_nonexistent.h: No such file or directory
compilation terminated.
configure:5364: $? = 1
configure: failed program was:
| /* confdefs.h */
| #define PACKAGE_NAME "libjpeg"
| #define PACKAGE_TARNAME "libjpeg"
| #define PACKAGE_VERSION "8.4.0"
| #define PACKAGE_STRING "libjpeg 8.4.0"
| #define PACKAGE_BUGREPORT ""
| #define PACKAGE_URL ""
| #define PACKAGE "libjpeg"
| #define VERSION "8.4.0"
| #define PROTOTYPES 1
| #define __PROTOTYPES 1
| #define STDC_HEADERS 1
| #define HAVE_SYS_TYPES_H 1
| #define HAVE_SYS_STAT_H 1
| #define HAVE_STDLIB_H 1
| #define HAVE_STRING_H 1
| #define HAVE_STRINGS_H 1
| #define HAVE_INTTYPES_H 1
| #define HAVE_STDINT_H 1
| #define HAVE_UNISTD_H 1
| #define HAVE_STRING_H 1
| /* end confdefs.h.  */
| #include <ac_nonexistent.h>
configure:5393: checking whether make sets $(MAKE)
configure:5415: result: yes
configure:5424: checking whether ln -s works
configure:5428: result: yes
configure:5444: checking if LD -Wl,--version-script works
configure:5468: xenon-gcc -std=gnu99 -o conftest -mcpu=cell -mtune=cell -m32 -fno-pic -mpowerpc64 /usr/local/xenon/usr/lib/libxenon.a -L/usr/local/xenon/xenon/lib/32/ -T/usr/local/xenon/app.lds -u read -u _start -u exc_base -L/usr/local/xenon/usr/lib -I/usr/local/xenon/usr/include   -Wl,--version-script=conftest.map conftest.c  >&5
configure:5468: $? = 0
configure:5477: result: yes
configure:5490: checking for function prototypes
configure:5510: xenon-gcc -std=gnu99 -c -mcpu=cell -mtune=cell -m32 -fno-pic -mpowerpc64 /usr/local/xenon/usr/lib/libxenon.a -L/usr/local/xenon/xenon/lib/32/ -T/usr/local/xenon/app.lds -u read -u _start -u exc_base -L/usr/local/xenon/usr/lib -I/usr/local/xenon/usr/include  conftest.c >&5
xenon-gcc: warning: /usr/local/xenon/usr/lib/libxenon.a: linker input file unused because linking not done
configure:5510: $? = 0
configure:5518: result: yes
configure:5541: checking stddef.h usability
configure:5541: xenon-gcc -std=gnu99 -c -mcpu=cell -mtune=cell -m32 -fno-pic -mpowerpc64 /usr/local/xenon/usr/lib/libxenon.a -L/usr/local/xenon/xenon/lib/32/ -T/usr/local/xenon/app.lds -u read -u _start -u exc_base -L/usr/local/xenon/usr/lib -I/usr/local/xenon/usr/include  conftest.c >&5
xenon-gcc: warning: /usr/local/xenon/usr/lib/libxenon.a: linker input file unused because linking not done
configure:5541: $? = 0
configure:5541: result: yes
configure:5541: checking stddef.h presence
configure:5541: xenon-gcc -E  conftest.c
configure:5541: $? = 0
configure:5541: result: yes
configure:5541: checking for stddef.h
configure:5541: result: yes
configure:5541: checking for stdlib.h
configure:5541: result: yes
configure:5541: checking locale.h usability
configure:5541: xenon-gcc -std=gnu99 -c -mcpu=cell -mtune=cell -m32 -fno-pic -mpowerpc64 /usr/local/xenon/usr/lib/libxenon.a -L/usr/local/xenon/xenon/lib/32/ -T/usr/local/xenon/app.lds -u read -u _start -u exc_base -L/usr/local/xenon/usr/lib -I/usr/local/xenon/usr/include  conftest.c >&5
xenon-gcc: warning: /usr/local/xenon/usr/lib/libxenon.a: linker input file unused because linking not done
configure:5541: $? = 0
configure:5541: result: yes
configure:5541: checking locale.h presence
configure:5541: xenon-gcc -E  conftest.c
configure:5541: $? = 0
configure:5541: result: yes
configure:5541: checking for locale.h
configure:5541: result: yes
configure:5551: checking for string.h
configure:5551: result: yes
configure:5564: checking for size_t
configure:5591: xenon-gcc -std=gnu99 -c -mcpu=cell -mtune=cell -m32 -fno-pic -mpowerpc64 /usr/local/xenon/usr/lib/libxenon.a -L/usr/local/xenon/xenon/lib/32/ -T/usr/local/xenon/app.lds -u read -u _start -u exc_base -L/usr/local/xenon/usr/lib -I/usr/local/xenon/usr/include  conftest.c >&5
xenon-gcc: warning: /usr/local/xenon/usr/lib/libxenon.a: linker input file unused because linking not done
configure:5591: $? = 0
configure:5597: result: yes
configure:5633: checking for type unsigned char
configure:5646: xenon-gcc -std=gnu99 -c -mcpu=cell -mtune=cell -m32 -fno-pic -mpowerpc64 /usr/local/xenon/usr/lib/libxenon.a -L/usr/local/xenon/xenon/lib/32/ -T/usr/local/xenon/app.lds -u read -u _start -u exc_base -L/usr/local/xenon/usr/lib -I/usr/local/xenon/usr/include  conftest.c >&5
xenon-gcc: warning: /usr/local/xenon/usr/lib/libxenon.a: linker input file unused because linking not done
configure:5646: $? = 0
configure:5647: result: yes
configure:5658: checking for type unsigned short
configure:5671: xenon-gcc -std=gnu99 -c -mcpu=cell -mtune=cell -m32 -fno-pic -mpowerpc64 /usr/local/xenon/usr/lib/libxenon.a -L/usr/local/xenon/xenon/lib/32/ -T/usr/local/xenon/app.lds -u read -u _start -u exc_base -L/usr/local/xenon/usr/lib -I/usr/local/xenon/usr/include  conftest.c >&5
xenon-gcc: warning: /usr/local/xenon/usr/lib/libxenon.a: linker input file unused because linking not done
configure:5671: $? = 0
configure:5672: result: yes
configure:5683: checking for type void
configure:5717: xenon-gcc -std=gnu99 -c -mcpu=cell -mtune=cell -m32 -fno-pic -mpowerpc64 /usr/local/xenon/usr/lib/libxenon.a -L/usr/local/xenon/xenon/lib/32/ -T/usr/local/xenon/app.lds -u read -u _start -u exc_base -L/usr/local/xenon/usr/lib -I/usr/local/xenon/usr/include  conftest.c >&5
xenon-gcc: warning: /usr/local/xenon/usr/lib/libxenon.a: linker input file unused because linking not done
configure:5717: $? = 0
configure:5718: result: yes
configure:5728: checking for an ANSI C-conforming const
configure:5793: xenon-gcc -std=gnu99 -c -mcpu=cell -mtune=cell -m32 -fno-pic -mpowerpc64 /usr/local/xenon/usr/lib/libxenon.a -L/usr/local/xenon/xenon/lib/32/ -T/usr/local/xenon/app.lds -u read -u _start -u exc_base -L/usr/local/xenon/usr/lib -I/usr/local/xenon/usr/include  conftest.c >&5
xenon-gcc: warning: /usr/local/xenon/usr/lib/libxenon.a: linker input file unused because linking not done
configure:5793: $? = 0
configure:5800: result: yes
configure:5810: checking for inline
configure:5825: xenon-gcc -std=gnu99 -c -mcpu=cell -mtune=cell -m32 -fno-pic -mpowerpc64 /usr/local/xenon/usr/lib/libxenon.a -L/usr/local/xenon/xenon/lib/32/ -T/usr/local/xenon/app.lds -u read -u _start -u exc_base -L/usr/local/xenon/usr/lib -I/usr/local/xenon/usr/include  conftest.c >&5
xenon-gcc: warning: /usr/local/xenon/usr/lib/libxenon.a: linker input file unused because linking not done
configure:5825: $? = 0
configure:5863: result: __inline__
configure:5872: checking for broken incomplete types
configure:5885: xenon-gcc -std=gnu99 -c -mcpu=cell -mtune=cell -m32 -fno-pic -mpowerpc64 /usr/local/xenon/usr/lib/libxenon.a -L/usr/local/xenon/xenon/lib/32/ -T/usr/local/xenon/app.lds -u read -u _start -u exc_base -L/usr/local/xenon/usr/lib -I/usr/local/xenon/usr/include  conftest.c >&5
xenon-gcc: warning: /usr/local/xenon/usr/lib/libxenon.a: linker input file unused because linking not done
configure:5885: $? = 0
configure:5886: result: ok
configure:5898: checking for short external names
configure:5914: xenon-gcc -std=gnu99 -o conftest -mcpu=cell -mtune=cell -m32 -fno-pic -mpowerpc64 /usr/local/xenon/usr/lib/libxenon.a -L/usr/local/xenon/xenon/lib/32/ -T/usr/local/xenon/app.lds -u read -u _start -u exc_base -L/usr/local/xenon/usr/lib -I/usr/local/xenon/usr/include   conftest.c  >&5
configure:5914: $? = 0
configure:5915: result: ok
configure:5928: checking to see if char is signed
configure:5932: WARNING: Assuming that char is signed on target machine.
    If it is unsigned, this will be a little bit inefficient.
configure:5976: checking to see if right shift is signed
configure:5979: result: Assuming that right shift is signed on target machine.
configure:6027: checking to see if fopen accepts b spec
configure:6030: result: Assuming that it does.
configure:6408: checking how to print strings
configure:6435: result: printf
configure:6456: checking for a sed that does not truncate output
configure:6520: result: /bin/sed
configure:6538: checking for fgrep
configure:6600: result: /bin/grep -F
configure:6635: checking for ld used by xenon-gcc -std=gnu99
configure:6702: result: /usr/local/xenon/xenon/bin/ld
configure:6709: checking if the linker (/usr/local/xenon/xenon/bin/ld) is GNU ld
configure:6724: result: yes
configure:6736: checking for BSD- or MS-compatible name lister (nm)
configure:6785: result: /usr/local/xenon/bin/xenon-nm -B
configure:6915: checking the name lister (/usr/local/xenon/bin/xenon-nm -B) interface
configure:6922: xenon-gcc -std=gnu99 -c -mcpu=cell -mtune=cell -m32 -fno-pic -mpowerpc64 /usr/local/xenon/usr/lib/libxenon.a -L/usr/local/xenon/xenon/lib/32/ -T/usr/local/xenon/app.lds -u read -u _start -u exc_base -L/usr/local/xenon/usr/lib -I/usr/local/xenon/usr/include  conftest.c >&5
xenon-gcc: warning: /usr/local/xenon/usr/lib/libxenon.a: linker input file unused because linking not done
configure:6925: /usr/local/xenon/bin/xenon-nm -B "conftest.o"
configure:6928: output
00000000 S some_variable
configure:6935: result: BSD nm
configure:6939: checking the maximum length of command line arguments
configure:7069: result: 1572864
configure:7086: checking whether the shell understands some XSI constructs
configure:7096: result: yes
configure:7100: checking whether the shell understands "+="
configure:7106: result: yes
configure:7141: checking how to convert i686-pc-linux-gnu file names to powerpc64-unknown-none format
configure:7181: result: func_convert_file_noop
configure:7188: checking how to convert i686-pc-linux-gnu file names to toolchain format
configure:7208: result: func_convert_file_noop
configure:7215: checking for /usr/local/xenon/xenon/bin/ld option to reload object files
configure:7222: result: -r
configure:7256: checking for xenon-objdump
configure:7283: result: objdump
configure:7352: checking how to recognize dependent libraries
configure:7554: result: unknown
configure:7599: checking for xenon-dlltool
configure:7626: result: dlltool
configure:7696: checking how to associate runtime and link libraries
configure:7723: result: printf %s\n
configure:7739: checking for xenon-ar
configure:7755: found /usr/local/xenon/bin/xenon-ar
configure:7766: result: xenon-ar
configure:7847: checking for archiver @FILE support
configure:7864: xenon-gcc -std=gnu99 -c -mcpu=cell -mtune=cell -m32 -fno-pic -mpowerpc64 /usr/local/xenon/usr/lib/libxenon.a -L/usr/local/xenon/xenon/lib/32/ -T/usr/local/xenon/app.lds -u read -u _start -u exc_base -L/usr/local/xenon/usr/lib -I/usr/local/xenon/usr/include  conftest.c >&5
xenon-gcc: warning: /usr/local/xenon/usr/lib/libxenon.a: linker input file unused because linking not done
configure:7864: $? = 0
configure:7867: xenon-ar cru libconftest.a @conftest.lst >&5
configure:7870: $? = 0
configure:7875: xenon-ar cru libconftest.a @conftest.lst >&5
xenon-ar: conftest.o: No such file or directory
configure:7878: $? = 1
configure:7890: result: @
configure:7908: checking for xenon-strip
configure:7935: result: xenon-strip
configure:8007: checking for xenon-ranlib
configure:8023: found /usr/local/xenon/bin/xenon-ranlib
configure:8034: result: xenon-ranlib
configure:8176: checking command to parse /usr/local/xenon/bin/xenon-nm -B output from xenon-gcc -std=gnu99 object
configure:8296: xenon-gcc -std=gnu99 -c -mcpu=cell -mtune=cell -m32 -fno-pic -mpowerpc64 /usr/local/xenon/usr/lib/libxenon.a -L/usr/local/xenon/xenon/lib/32/ -T/usr/local/xenon/app.lds -u read -u _start -u exc_base -L/usr/local/xenon/usr/lib -I/usr/local/xenon/usr/include  conftest.c >&5
xenon-gcc: warning: /usr/local/xenon/usr/lib/libxenon.a: linker input file unused because linking not done
configure:8299: $? = 0
configure:8303: /usr/local/xenon/bin/xenon-nm -B conftest.o \| sed -n -e 's/^.*[ ]\([ABCDGIRSTW][ABCDGIRSTW]*\)[ ][ ]*\([_A-Za-z][_A-Za-z0-9]*\)$/\1 \2 \2/p' | sed '/ __gnu_lto/d' \> conftest.nm
configure:8306: $? = 0
configure:8372: xenon-gcc -std=gnu99 -o conftest -mcpu=cell -mtune=cell -m32 -fno-pic -mpowerpc64 /usr/local/xenon/usr/lib/libxenon.a -L/usr/local/xenon/xenon/lib/32/ -T/usr/local/xenon/app.lds -u read -u _start -u exc_base -L/usr/local/xenon/usr/lib -I/usr/local/xenon/usr/include   conftest.c conftstm.o >&5
configure:8375: $? = 0
configure:8413: result: ok
configure:8450: checking for sysroot
configure:8480: result: no
configure:8696: checking for xenon-mt
configure:8726: result: no
configure:8736: checking for mt
configure:8752: found /bin/mt
configure:8763: result: mt
configure:8775: WARNING: using cross tools not prefixed with host triplet
configure:8786: checking if mt is a manifest tool
configure:8792: mt '-?'
configure:8800: result: no
configure:9439: checking for dlfcn.h
configure:9439: xenon-gcc -std=gnu99 -c -mcpu=cell -mtune=cell -m32 -fno-pic -mpowerpc64 /usr/local/xenon/usr/lib/libxenon.a -L/usr/local/xenon/xenon/lib/32/ -T/usr/local/xenon/app.lds -u read -u _start -u exc_base -L/usr/local/xenon/usr/lib -I/usr/local/xenon/usr/include  conftest.c >&5
conftest.c:64:19: fatal error: dlfcn.h: No such file or directory
compilation terminated.
configure:9439: $? = 1
configure: failed program was:
| /* confdefs.h */
| #define PACKAGE_NAME "libjpeg"
| #define PACKAGE_TARNAME "libjpeg"
| #define PACKAGE_VERSION "8.4.0"
| #define PACKAGE_STRING "libjpeg 8.4.0"
| #define PACKAGE_BUGREPORT ""
| #define PACKAGE_URL ""
| #define PACKAGE "libjpeg"
| #define VERSION "8.4.0"
| #define PROTOTYPES 1
| #define __PROTOTYPES 1
| #define STDC_HEADERS 1
| #define HAVE_SYS_TYPES_H 1
| #define HAVE_SYS_STAT_H 1
| #define HAVE_STDLIB_H 1
| #define HAVE_STRING_H 1
| #define HAVE_STRINGS_H 1
| #define HAVE_INTTYPES_H 1
| #define HAVE_STDINT_H 1
| #define HAVE_UNISTD_H 1
| #define HAVE_STRING_H 1
| #define HAVE_PROTOTYPES 1
| #define HAVE_STDDEF_H 1
| #define HAVE_STDLIB_H 1
| #define HAVE_LOCALE_H 1
| #define HAVE_UNSIGNED_CHAR 1
| #define HAVE_UNSIGNED_SHORT 1
| #define INLINE __inline__
| /* end confdefs.h.  */
| #include <stdio.h>
| #ifdef HAVE_SYS_TYPES_H
| # include <sys/types.h>
| #endif
| #ifdef HAVE_SYS_STAT_H
| # include <sys/stat.h>
| #endif
| #ifdef STDC_HEADERS
| # include <stdlib.h>
| # include <stddef.h>
| #else
| # ifdef HAVE_STDLIB_H
| #  include <stdlib.h>
| # endif
| #endif
| #ifdef HAVE_STRING_H
| # if !defined STDC_HEADERS && defined HAVE_MEMORY_H
| #  include <memory.h>
| # endif
| # include <string.h>
| #endif
| #ifdef HAVE_STRINGS_H
| # include <strings.h>
| #endif
| #ifdef HAVE_INTTYPES_H
| # include <inttypes.h>
| #endif
| #ifdef HAVE_STDINT_H
| # include <stdint.h>
| #endif
| #ifdef HAVE_UNISTD_H
| # include <unistd.h>
| #endif
| 
| #include <dlfcn.h>
configure:9439: result: no
configure:9643: checking for objdir
configure:9658: result: .libs
configure:9925: checking if xenon-gcc -std=gnu99 supports -fno-rtti -fno-exceptions
configure:9943: xenon-gcc -std=gnu99 -c -mcpu=cell -mtune=cell -m32 -fno-pic -mpowerpc64 /usr/local/xenon/usr/lib/libxenon.a -L/usr/local/xenon/xenon/lib/32/ -T/usr/local/xenon/app.lds -u read -u _start -u exc_base -L/usr/local/xenon/usr/lib -I/usr/local/xenon/usr/include  -fno-rtti -fno-exceptions conftest.c >&5
cc1: warning: command line option '-fno-rtti' is valid for C++/ObjC++ but not for C [enabled by default]
xenon-gcc: warning: /usr/local/xenon/usr/lib/libxenon.a: linker input file unused because linking not done
configure:9947: $? = 0
configure:9960: result: no
configure:10287: checking for xenon-gcc -std=gnu99 option to produce PIC
configure:10294: result: -fPIC -DPIC
configure:10302: checking if xenon-gcc -std=gnu99 PIC flag -fPIC -DPIC works
configure:10320: xenon-gcc -std=gnu99 -c -mcpu=cell -mtune=cell -m32 -fno-pic -mpowerpc64 /usr/local/xenon/usr/lib/libxenon.a -L/usr/local/xenon/xenon/lib/32/ -T/usr/local/xenon/app.lds -u read -u _start -u exc_base -L/usr/local/xenon/usr/lib -I/usr/local/xenon/usr/include  -fPIC -DPIC -DPIC conftest.c >&5
xenon-gcc: warning: /usr/local/xenon/usr/lib/libxenon.a: linker input file unused because linking not done
configure:10324: $? = 0
configure:10337: result: yes
configure:10366: checking if xenon-gcc -std=gnu99 static flag -static works
configure:10394: result: yes
configure:10409: checking if xenon-gcc -std=gnu99 supports -c -o file.o
configure:10430: xenon-gcc -std=gnu99 -c -mcpu=cell -mtune=cell -m32 -fno-pic -mpowerpc64 /usr/local/xenon/usr/lib/libxenon.a -L/usr/local/xenon/xenon/lib/32/ -T/usr/local/xenon/app.lds -u read -u _start -u exc_base -L/usr/local/xenon/usr/lib -I/usr/local/xenon/usr/include  -o out/conftest2.o conftest.c >&5
xenon-gcc: warning: /usr/local/xenon/usr/lib/libxenon.a: linker input file unused because linking not done
configure:10434: $? = 0
configure:10456: result: yes
configure:10464: checking if xenon-gcc -std=gnu99 supports -c -o file.o
configure:10511: result: yes
configure:10544: checking whether the xenon-gcc -std=gnu99 linker (/usr/local/xenon/xenon/bin/ld) supports shared libraries
configure:11697: result: yes
configure:11937: checking dynamic linker characteristics
configure:12670: result: no
configure:12777: checking how to hardcode library paths into programs
configure:12802: result: immediate
configure:13342: checking whether stripping libraries is possible
configure:13347: result: yes
configure:13382: checking if libtool supports shared libraries
configure:13384: result: no
configure:13387: checking whether to build shared libraries
configure:13408: result: no
configure:13411: checking whether to build static libraries
configure:13415: result: yes
configure:13534: checking libjpeg version number
configure:13540: result: 12:0:4
configure:13686: creating ./config.status

## ---------------------- ##
## Running config.status. ##
## ---------------------- ##

This file was extended by libjpeg config.status 8.4.0, which was
generated by GNU Autoconf 2.68.  Invocation command line was

  CONFIG_FILES    = 
  CONFIG_HEADERS  = 
  CONFIG_LINKS    = 
  CONFIG_COMMANDS = 
  $ ./config.status 

on crunchbang

config.status:1111: creating Makefile
config.status:1111: creating jconfig.h
config.status:1340: executing depfiles commands
config.status:1340: executing libtool commands

## ---------------- ##
## Cache variables. ##
## ---------------- ##

ac_cv_build=i686-pc-linux-gnu
ac_cv_c_compiler_gnu=yes
ac_cv_c_const=yes
ac_cv_env_CC_set=set
ac_cv_env_CC_value=xenon-gcc
ac_cv_env_CFLAGS_set=set
ac_cv_env_CFLAGS_value='-mcpu=cell -mtune=cell -m32 -fno-pic -mpowerpc64 /usr/local/xenon/usr/lib/libxenon.a -L/usr/local/xenon/xenon/lib/32/ -T/usr/local/xenon/app.lds -u read -u _start -u exc_base -L/usr/local/xenon/usr/lib -I/usr/local/xenon/usr/include'
ac_cv_env_CPPFLAGS_set=
ac_cv_env_CPPFLAGS_value=
ac_cv_env_CPP_set=
ac_cv_env_CPP_value=
ac_cv_env_LDFLAGS_set=set
ac_cv_env_LDFLAGS_value=
ac_cv_env_LIBS_set=
ac_cv_env_LIBS_value=
ac_cv_env_build_alias_set=
ac_cv_env_build_alias_value=
ac_cv_env_host_alias_set=set
ac_cv_env_host_alias_value=xenon
ac_cv_env_target_alias_set=
ac_cv_env_target_alias_value=
ac_cv_header_dlfcn_h=no
ac_cv_header_inttypes_h=yes
ac_cv_header_locale_h=yes
ac_cv_header_memory_h=no
ac_cv_header_stdc=yes
ac_cv_header_stddef_h=yes
ac_cv_header_stdint_h=yes
ac_cv_header_stdlib_h=yes
ac_cv_header_string_h=yes
ac_cv_header_strings_h=yes
ac_cv_header_sys_stat_h=yes
ac_cv_header_sys_types_h=yes
ac_cv_header_unistd_h=yes
ac_cv_host=powerpc64-unknown-none
ac_cv_objext=o
ac_cv_path_EGREP='/bin/grep -E'
ac_cv_path_FGREP='/bin/grep -F'
ac_cv_path_GREP=/bin/grep
ac_cv_path_SED=/bin/sed
ac_cv_path_install='/usr/bin/install -c'
ac_cv_path_mkdir=/bin/mkdir
ac_cv_prog_AR=xenon-ar
ac_cv_prog_AWK=gawk
ac_cv_prog_CC=xenon-gcc
ac_cv_prog_CPP='xenon-gcc -E'
ac_cv_prog_DLLTOOL=dlltool
ac_cv_prog_OBJDUMP=objdump
ac_cv_prog_RANLIB=xenon-ranlib
ac_cv_prog_STRIP=xenon-strip
ac_cv_prog_ac_ct_MANIFEST_TOOL=mt
ac_cv_prog_cc_c89=
ac_cv_prog_cc_c99=-std=gnu99
ac_cv_prog_cc_g=yes
ac_cv_prog_cc_stdc=-std=gnu99
ac_cv_prog_make_make_set=yes
ac_cv_target=powerpc64-unknown-none
am_cv_CC_dependencies_compiler_type=gcc3
ijg_cv_have_prototypes=yes
ijg_cv_inline=__inline__
lt_cv_ar_at_file=@
lt_cv_deplibs_check_method=unknown
lt_cv_file_magic_cmd='$MAGIC_CMD'
lt_cv_file_magic_test_file=
lt_cv_ld_reload_flag=-r
lt_cv_nm_interface='BSD nm'
lt_cv_objdir=.libs
lt_cv_path_LD=/usr/local/xenon/xenon/bin/ld
lt_cv_path_NM='/usr/local/xenon/bin/xenon-nm -B'
lt_cv_path_mainfest_tool=no
lt_cv_prog_compiler_c_o=yes
lt_cv_prog_compiler_pic='-fPIC -DPIC'
lt_cv_prog_compiler_pic_works=yes
lt_cv_prog_compiler_rtti_exceptions=no
lt_cv_prog_compiler_static_works=yes
lt_cv_prog_gnu_ld=yes
lt_cv_sharedlib_from_linklib_cmd='printf %s\n'
lt_cv_sys_global_symbol_pipe='sed -n -e '\''s/^.*[	 ]\([ABCDGIRSTW][ABCDGIRSTW]*\)[	 ][	 ]*\([_A-Za-z][_A-Za-z0-9]*\)$/\1 \2 \2/p'\'' | sed '\''/ __gnu_lto/d'\'''
lt_cv_sys_global_symbol_to_c_name_address='sed -n -e '\''s/^: \([^ ]*\)[ ]*$/  {\"\1\", (void *) 0},/p'\'' -e '\''s/^[ABCDGIRSTW]* \([^ ]*\) \([^ ]*\)$/  {"\2", (void *) \&\2},/p'\'''
lt_cv_sys_global_symbol_to_c_name_address_lib_prefix='sed -n -e '\''s/^: \([^ ]*\)[ ]*$/  {\"\1\", (void *) 0},/p'\'' -e '\''s/^[ABCDGIRSTW]* \([^ ]*\) \(lib[^ ]*\)$/  {"\2", (void *) \&\2},/p'\'' -e '\''s/^[ABCDGIRSTW]* \([^ ]*\) \([^ ]*\)$/  {"lib\2", (void *) \&\2},/p'\'''
lt_cv_sys_global_symbol_to_cdecl='sed -n -e '\''s/^T .* \(.*\)$/extern int \1();/p'\'' -e '\''s/^[ABCDGIRSTW]* .* \(.*\)$/extern char \1;/p'\'''
lt_cv_sys_max_cmd_len=1572864
lt_cv_to_host_file_cmd=func_convert_file_noop
lt_cv_to_tool_file_cmd=func_convert_file_noop

## ----------------- ##
## Output variables. ##
## ----------------- ##

ACLOCAL='${SHELL} /home/pos/Desktop/jpeg-8d/missing --run aclocal-1.11'
AMDEPBACKSLASH='\'
AMDEP_FALSE='#'
AMDEP_TRUE=''
AMTAR='${SHELL} /home/pos/Desktop/jpeg-8d/missing --run tar'
AM_BACKSLASH='\'
AM_DEFAULT_VERBOSITY='0'
ANSI2KNR=''
AR='xenon-ar'
AS='as'
AUTOCONF='${SHELL} /home/pos/Desktop/jpeg-8d/missing --run autoconf'
AUTOHEADER='echo autoheader ignored'
AUTOMAKE='${SHELL} /home/pos/Desktop/jpeg-8d/missing --run automake-1.11'
AWK='gawk'
CC='xenon-gcc -std=gnu99'
CCDEPMODE='depmode=gcc3'
CFLAGS='-mcpu=cell -mtune=cell -m32 -fno-pic -mpowerpc64 /usr/local/xenon/usr/lib/libxenon.a -L/usr/local/xenon/xenon/lib/32/ -T/usr/local/xenon/app.lds -u read -u _start -u exc_base -L/usr/local/xenon/usr/lib -I/usr/local/xenon/usr/include'
CPP='xenon-gcc -E'
CPPFLAGS=''
CYGPATH_W='echo'
DEFS='-DHAVE_CONFIG_H'
DEPDIR='.deps'
DLLTOOL='dlltool'
DSYMUTIL=''
DUMPBIN=''
ECHO_C=''
ECHO_N='-n'
ECHO_T=''
EGREP='/bin/grep -E'
EXEEXT=''
FGREP='/bin/grep -F'
GREP='/bin/grep'
HAVE_LD_VERSION_SCRIPT_FALSE='#'
HAVE_LD_VERSION_SCRIPT_TRUE=''
INSTALL_DATA='${INSTALL} -m 644'
INSTALL_PROGRAM='${INSTALL}'
INSTALL_SCRIPT='${INSTALL}'
INSTALL_STRIP_PROGRAM='$(install_sh) -c -s'
JPEG_LIB_VERSION='12:0:4'
LD='/usr/local/xenon/xenon/bin/ld'
LDFLAGS=''
LIBOBJS=''
LIBS=''
LIBTOOL='$(SHELL) $(top_builddir)/libtool'
LIPO=''
LN_S='ln -s'
LTLIBOBJS=''
MAINT='#'
MAINTAINER_MODE_FALSE=''
MAINTAINER_MODE_TRUE='#'
MAKEINFO='${SHELL} /home/pos/Desktop/jpeg-8d/missing --run makeinfo'
MANIFEST_TOOL=':'
MEMORYMGR='jmemnobs'
MKDIR_P='/bin/mkdir -p'
NM='/usr/local/xenon/bin/xenon-nm -B'
NMEDIT=''
OBJDUMP='objdump'
OBJEXT='o'
OTOOL64=''
OTOOL=''
PACKAGE='libjpeg'
PACKAGE_BUGREPORT=''
PACKAGE_NAME='libjpeg'
PACKAGE_STRING='libjpeg 8.4.0'
PACKAGE_TARNAME='libjpeg'
PACKAGE_URL=''
PACKAGE_VERSION='8.4.0'
PATH_SEPARATOR=':'
RANLIB='xenon-ranlib'
SED='/bin/sed'
SET_MAKE=''
SHELL='/bin/bash'
STRIP='xenon-strip'
U=''
VERSION='8.4.0'
ac_ct_AR=''
ac_ct_CC=''
ac_ct_DUMPBIN=''
am__EXEEXT_FALSE=''
am__EXEEXT_TRUE='#'
am__fastdepCC_FALSE='#'
am__fastdepCC_TRUE=''
am__include='include'
am__isrc=''
am__leading_dot='.'
am__nodep='_no'
am__quote=''
am__tar='${AMTAR} chof - "$$tardir"'
am__untar='${AMTAR} xf -'
bindir='${exec_prefix}/bin'
build='i686-pc-linux-gnu'
build_alias=''
build_cpu='i686'
build_os='linux-gnu'
build_vendor='pc'
datadir='${datarootdir}'
datarootdir='${prefix}/share'
docdir='${datarootdir}/doc/${PACKAGE_TARNAME}'
dvidir='${docdir}'
exec_prefix='${prefix}'
host='powerpc64-unknown-none'
host_alias='xenon'
host_cpu='powerpc64'
host_os='none'
host_vendor='unknown'
htmldir='${docdir}'
includedir='${prefix}/include'
infodir='${datarootdir}/info'
install_sh='${SHELL} /home/pos/Desktop/jpeg-8d/install-sh'
libdir='${exec_prefix}/lib'
libexecdir='${exec_prefix}/libexec'
localedir='${datarootdir}/locale'
localstatedir='${prefix}/var'
mandir='${datarootdir}/man'
mkdir_p='/bin/mkdir -p'
oldincludedir='/usr/include'
pdfdir='${docdir}'
prefix='/usr/local/xenon/usr'
program_transform_name='s,x,x,'
psdir='${docdir}'
sbindir='${exec_prefix}/sbin'
sharedstatedir='${prefix}/com'
sysconfdir='${prefix}/etc'
target='powerpc64-unknown-none'
target_alias=''
target_cpu='powerpc64'
target_os='none'
target_vendor='unknown'

## ----------- ##
## confdefs.h. ##
## ----------- ##

/* confdefs.h */
#define PACKAGE_NAME "libjpeg"
#define PACKAGE_TARNAME "libjpeg"
#define PACKAGE_VERSION "8.4.0"
#define PACKAGE_STRING "libjpeg 8.4.0"
#define PACKAGE_BUGREPORT ""
#define PACKAGE_URL ""
#define PACKAGE "libjpeg"
#define VERSION "8.4.0"
#define PROTOTYPES 1
#define __PROTOTYPES 1
#define STDC_HEADERS 1
#define HAVE_SYS_TYPES_H 1
#define HAVE_SYS_STAT_H 1
#define HAVE_STDLIB_H 1
#define HAVE_STRING_H 1
#define HAVE_STRINGS_H 1
#define HAVE_INTTYPES_H 1
#define HAVE_STDINT_H 1
#define HAVE_UNISTD_H 1
#define HAVE_STRING_H 1
#define HAVE_PROTOTYPES 1
#define HAVE_STDDEF_H 1
#define HAVE_STDLIB_H 1
#define HAVE_LOCALE_H 1
#define HAVE_UNSIGNED_CHAR 1
#define HAVE_UNSIGNED_SHORT 1
#define INLINE __inline__
#define LT_OBJDIR ".libs/"

configure: exit 0
